<?xml version="1.0" encoding="UTF-8"?>
<!-- Generated by org.testng.reporters.JUnitXMLReporter -->
<testsuite ignored="0" hostname="DESKTOP-9TLVC6N" failures="0" tests="4" name="Test" time="403.177" errors="0" timestamp="2023-08-25T14:45:53 IST">
  <testcase classname="com.Actitime.Test.InvalidLoginTest" name="InvalidLoginToActitime" time="49.613"/>
  <testcase classname="com.Actitime.Test.ValidLoginLogoutTest" name="LoginToActitime" time="22.129"/>
  <testcase classname="com.Actitime.Test.VerifyActitimeVersion" name="GetActitimeVersion" time="0.209"/>
  <testcase classname="com.Actitime.Test.VerifyProductVersion" name="GetproductVersion" time="26.019"/>
</testsuite> <!-- Test -->
