<?xml version="1.0" encoding="UTF-8"?>
<testng-results ignored="0" total="2" passed="2" failed="0" skipped="0">
  <reporter-output>
    <line>
      <![CDATA[userA 123]]>
    </line>
    <line>
      <![CDATA[userB 9976]]>
    </line>
  </reporter-output>
  <suite started-at="2023-10-04T21:56:55 IST" name="Default suite" finished-at="2023-10-04T21:56:55 IST" duration-ms="157">
    <groups>
    </groups>
    <test started-at="2023-10-04T21:56:55 IST" name="Default test" finished-at="2023-10-04T21:56:55 IST" duration-ms="157">
      <class name="TestNg.dataprovider">
        <test-method signature="createuser(java.lang.Object,java.lang.Object)[pri:0, instance:TestNg.dataprovider@7db12bb6]" started-at="2023-10-04T21:56:55 IST" name="createuser" data-provider="Getdata" finished-at="2023-10-04T21:56:55 IST" duration-ms="12" status="PASS">
          <params>
            <param index="0">
              <value>
                <![CDATA[userA]]>
              </value>
            </param>
            <param index="1">
              <value>
                <![CDATA[123]]>
              </value>
            </param>
          </params>
          <reporter-output>
            <line>
              <![CDATA[userA 123]]>
            </line>
          </reporter-output>
        </test-method> <!-- createuser -->
        <test-method signature="createuser(java.lang.Object,java.lang.Object)[pri:0, instance:TestNg.dataprovider@7db12bb6]" started-at="2023-10-04T21:56:55 IST" name="createuser" data-provider="Getdata" finished-at="2023-10-04T21:56:55 IST" duration-ms="2" status="PASS">
          <params>
            <param index="0">
              <value>
                <![CDATA[userB]]>
              </value>
            </param>
            <param index="1">
              <value>
                <![CDATA[9976]]>
              </value>
            </param>
          </params>
          <reporter-output>
            <line>
              <![CDATA[userB 9976]]>
            </line>
          </reporter-output>
        </test-method> <!-- createuser -->
      </class> <!-- TestNg.dataprovider -->
    </test> <!-- Default test -->
  </suite> <!-- Default suite -->
</testng-results>
